<?xml version="1.0" encoding="UTF-8"?>
<testsuite name="com.example.services.FactServiceTest" tests="7" skipped="0" failures="0" errors="0" timestamp="2025-01-06T18:33:22" hostname="ZALANDO-70811" time="2.253">
  <properties/>
  <testcase name="getAllFacts should return all facts from the repository()" classname="com.example.services.FactServiceTest" time="1.853"/>
  <testcase name="getOriginalPermalink should return null if permalink does not exist()" classname="com.example.services.FactServiceTest" time="0.119"/>
  <testcase name="getOriginalPermalink should retrieve a permalink and increment access count()" classname="com.example.services.FactServiceTest" time="0.035"/>
  <testcase name="fetchAndShortenFacts should fetch a fact and store it in the repository()" classname="com.example.services.FactServiceTest" time="0.057"/>
  <testcase name="getFact should retrieve a fact and increment access count()" classname="com.example.services.FactServiceTest" time="0.084"/>
  <testcase name="getAccessStatistics should return statistics from the repository()" classname="com.example.services.FactServiceTest" time="0.048"/>
  <testcase name="getFact should return null if fact does not exist()" classname="com.example.services.FactServiceTest" time="0.03"/>
  <system-out><![CDATA[2025-01-06 19:33:22.076 [Test worker] TRACE io.mockk.impl.JvmMockKGateway - Starting JVM MockK implementation. Java version = 17.0.4.1. 
2025-01-06 19:33:22.427 [Test worker] TRACE i.m.proxy.jvm.JvmMockKAgentFactory - Byte buddy agent installed
2025-01-06 19:33:22.445 [Test worker] TRACE i.m.p.jvm.dispatcher.BootJarLoader - Bootstrap class loaded io.mockk.proxy.jvm.dispatcher.JvmMockKDispatcher
2025-01-06 19:33:22.446 [Test worker] TRACE i.m.p.jvm.dispatcher.BootJarLoader - Bootstrap class loaded io.mockk.proxy.jvm.dispatcher.JvmMockKWeakMap
2025-01-06 19:33:22.446 [Test worker] TRACE i.m.p.jvm.dispatcher.BootJarLoader - Bootstrap class loaded io.mockk.proxy.jvm.dispatcher.JvmMockKWeakMap$StrongKey
2025-01-06 19:33:22.446 [Test worker] TRACE i.m.p.jvm.dispatcher.BootJarLoader - Bootstrap class loaded io.mockk.proxy.jvm.dispatcher.JvmMockKWeakMap$WeakKey
2025-01-06 19:33:22.559 [Test worker] DEBUG i.m.i.i.AbstractMockFactory - Creating mockk for FactRepository name=#1
2025-01-06 19:33:22.560 [Test worker] TRACE i.m.i.i.AbstractMockFactory - Building proxy for FactRepository hashcode=532e27ab
2025-01-06 19:33:22.572 [Test worker] TRACE i.m.p.j.t.JvmInlineInstrumentation - Retransforming [Ljava.lang.Class;@2e09c51
2025-01-06 19:33:22.966 [Test worker] TRACE io.mockk.proxy.common.ProxyMaker - Taking instance of class com.example.repository.FactRepository itself because it is final.
2025-01-06 19:33:22.966 [Test worker] TRACE io.mockk.proxy.common.ProxyMaker - Instantiating proxy for class com.example.repository.FactRepository via instantiator
2025-01-06 19:33:22.967 [Test worker] TRACE i.m.proxy.jvm.ObjenesisInstantiator - Creating new empty instance of class com.example.repository.FactRepository
2025-01-06 19:33:23.022 [Test worker @coroutine#106] TRACE i.m.i.recording.CommonCallRecorder - Starting stubbing
2025-01-06 19:33:23.138 [Test worker @coroutine#106] TRACE i.m.i.i.AbstractMockFactory - Building proxy for List hashcode=58f2466c
2025-01-06 19:33:23.140 [Test worker @coroutine#106] TRACE i.m.p.j.t.JvmInlineInstrumentation - Retransforming [Ljava.lang.Class;@5809fa26
2025-01-06 19:33:23.454 [Test worker @coroutine#106] TRACE io.mockk.proxy.common.ProxyMaker - Building subclass proxy for interface java.util.List with additional interfaces []
2025-01-06 19:33:23.871 [Test worker @coroutine#106] TRACE io.mockk.proxy.common.ProxyMaker - Instantiating proxy for interface java.util.List via instantiator
2025-01-06 19:33:23.872 [Test worker @coroutine#106] TRACE i.m.proxy.jvm.ObjenesisInstantiator - Skipping instantiation subsclassing class io.mockk.renamed.java.util.List$Subclass0 because class is not abstract.
2025-01-06 19:33:23.873 [Test worker @coroutine#106] TRACE i.m.proxy.jvm.ObjenesisInstantiator - Creating new empty instance of class io.mockk.renamed.java.util.List$Subclass0
2025-01-06 19:33:23.886 [Test worker @coroutine#106] TRACE i.m.i.r.SignatureMatcherDetector - Matcher map: {}
2025-01-06 19:33:23.889 [Test worker @coroutine#106] TRACE i.m.i.recording.ChainedCallDetector - Processing call #0: retrieveAllFacts()
2025-01-06 19:33:23.891 [Test worker @coroutine#106] TRACE i.m.i.recording.ChainedCallDetector - Built matcher: FactRepository(#1).retrieveAllFacts())
2025-01-06 19:33:23.895 [Test worker @coroutine#106] TRACE i.m.impl.recording.PermanentMocker - Child search key: FactRepository(#1).retrieveAllFacts())
2025-01-06 19:33:23.897 [Test worker @coroutine#106] DEBUG i.m.i.i.AbstractMockFactory - Creating mockk for List name=child of #1#2
2025-01-06 19:33:23.898 [Test worker @coroutine#106] TRACE i.m.i.i.AbstractMockFactory - Building proxy for List hashcode=58f2466c
2025-01-06 19:33:23.898 [Test worker @coroutine#106] TRACE io.mockk.proxy.common.ProxyMaker - Building subclass proxy for interface java.util.List with additional interfaces []
2025-01-06 19:33:23.898 [Test worker @coroutine#106] TRACE io.mockk.proxy.common.ProxyMaker - Instantiating proxy for interface java.util.List via instantiator
2025-01-06 19:33:23.898 [Test worker @coroutine#106] TRACE i.m.proxy.jvm.ObjenesisInstantiator - Skipping instantiation subsclassing class io.mockk.renamed.java.util.List$Subclass0 because class is not abstract.
2025-01-06 19:33:23.898 [Test worker @coroutine#106] TRACE i.m.proxy.jvm.ObjenesisInstantiator - Creating new empty instance of class io.mockk.renamed.java.util.List$Subclass0
2025-01-06 19:33:23.900 [Test worker @coroutine#106] TRACE i.m.impl.recording.PermanentMocker - Mocked permanently: FactRepository(#1).retrieveAllFacts()
2025-01-06 19:33:23.904 [Test worker @coroutine#106] TRACE i.m.i.r.s.StubbingAwaitingAnswerState - Done stubbing. Still accepting additional answers
2025-01-06 19:33:23.913 [Test worker @coroutine#106] DEBUG i.m.i.r.states.AnsweringState - Answering [FactDto(fact=Fact 1, originalPermalink=https://example.com/fact1), FactDto(fact=Fact 2, originalPermalink=https://example.com/fact2)] on FactRepository(#1).retrieveAllFacts()
2025-01-06 19:33:23.937 [Test worker] DEBUG i.m.i.i.AbstractMockFactory - Creating mockk for FactRepository name=#3
2025-01-06 19:33:23.937 [Test worker] TRACE i.m.i.i.AbstractMockFactory - Building proxy for FactRepository hashcode=532e27ab
2025-01-06 19:33:23.937 [Test worker] TRACE io.mockk.proxy.common.ProxyMaker - Taking instance of class com.example.repository.FactRepository itself because it is final.
2025-01-06 19:33:23.937 [Test worker] TRACE io.mockk.proxy.common.ProxyMaker - Instantiating proxy for class com.example.repository.FactRepository via instantiator
2025-01-06 19:33:23.937 [Test worker] TRACE i.m.proxy.jvm.ObjenesisInstantiator - Creating new empty instance of class com.example.repository.FactRepository
2025-01-06 19:33:23.944 [Test worker @coroutine#107] TRACE i.m.i.recording.CommonCallRecorder - Starting stubbing
2025-01-06 19:33:23.948 [Test worker @coroutine#107] TRACE i.m.i.instantiation.JvmInstantiator - Building empty instance void
2025-01-06 19:33:23.949 [Test worker @coroutine#107] TRACE i.m.proxy.jvm.ObjenesisInstantiator - Creating new empty instance of class java.lang.Void
2025-01-06 19:33:23.953 [Test worker @coroutine#107] TRACE i.m.i.r.SignatureMatcherDetector - Matcher map: {}
2025-01-06 19:33:23.954 [Test worker @coroutine#107] TRACE i.m.i.recording.ChainedCallDetector - Processing call #0: retrievePermalink(String)
2025-01-06 19:33:23.955 [Test worker @coroutine#107] TRACE i.m.i.recording.ChainedCallDetector - Signature for 0 argument of retrievePermalink(String): [non-existent-url]
2025-01-06 19:33:23.957 [Test worker @coroutine#107] TRACE i.m.i.recording.ChainedCallDetector - Built matcher: FactRepository(#3).retrievePermalink(eq(non-existent-url)))
2025-01-06 19:33:23.959 [Test worker @coroutine#107] TRACE i.m.impl.recording.PermanentMocker - Mocked permanently: FactRepository(#3).retrievePermalink(eq(non-existent-url))
2025-01-06 19:33:23.960 [Test worker @coroutine#107] TRACE i.m.i.r.s.StubbingAwaitingAnswerState - Done stubbing. Still accepting additional answers
2025-01-06 19:33:23.963 [Test worker @coroutine#107] DEBUG i.m.i.r.states.AnsweringState - Answering null on FactRepository(#3).retrievePermalink(non-existent-url)
2025-01-06 19:33:23.969 [Test worker @coroutine#107] TRACE i.m.i.recording.CommonCallRecorder - Starting verification
2025-01-06 19:33:23.974 [Test worker @coroutine#107] TRACE i.m.i.i.AbstractMockFactory - Building proxy for Unit hashcode=62f9c790
2025-01-06 19:33:23.976 [Test worker @coroutine#107] TRACE i.m.p.j.t.JvmInlineInstrumentation - Retransforming [Ljava.lang.Class;@21e5f0b6
2025-01-06 19:33:24.029 [Test worker @coroutine#107] TRACE io.mockk.proxy.common.ProxyMaker - Taking instance of class kotlin.Unit itself because it is final.
2025-01-06 19:33:24.031 [Test worker @coroutine#107] TRACE io.mockk.proxy.common.ProxyMaker - Instantiating proxy for class kotlin.Unit via instantiator
2025-01-06 19:33:24.032 [Test worker @coroutine#107] TRACE i.m.proxy.jvm.ObjenesisInstantiator - Creating new empty instance of class kotlin.Unit
2025-01-06 19:33:24.037 [Test worker @coroutine#107] TRACE i.m.i.r.SignatureMatcherDetector - Matcher map: {[6baae8a033ef91d1]=any()}
2025-01-06 19:33:24.038 [Test worker @coroutine#107] TRACE i.m.i.recording.ChainedCallDetector - Processing call #0: incrementAccessCount(String)
2025-01-06 19:33:24.038 [Test worker @coroutine#107] TRACE i.m.i.recording.ChainedCallDetector - Signature for 0 argument of incrementAccessCount(String): [6baae8a033ef91d1]
2025-01-06 19:33:24.040 [Test worker @coroutine#107] TRACE i.m.i.recording.ChainedCallDetector - Built matcher: FactRepository(#3).incrementAccessCount(any()))
2025-01-06 19:33:24.041 [Test worker @coroutine#107] TRACE i.m.impl.recording.PermanentMocker - Child search key: FactRepository(#3).incrementAccessCount(any()))
2025-01-06 19:33:24.042 [Test worker @coroutine#107] DEBUG i.m.i.i.AbstractMockFactory - Creating mockk for Unit name=child of #3#4
2025-01-06 19:33:24.043 [Test worker @coroutine#107] TRACE i.m.i.i.AbstractMockFactory - Building proxy for Unit hashcode=62f9c790
2025-01-06 19:33:24.044 [Test worker @coroutine#107] TRACE io.mockk.proxy.common.ProxyMaker - Taking instance of class kotlin.Unit itself because it is final.
2025-01-06 19:33:24.044 [Test worker @coroutine#107] TRACE io.mockk.proxy.common.ProxyMaker - Instantiating proxy for class kotlin.Unit via instantiator
2025-01-06 19:33:24.044 [Test worker @coroutine#107] TRACE i.m.proxy.jvm.ObjenesisInstantiator - Creating new empty instance of class kotlin.Unit
2025-01-06 19:33:24.044 [Test worker @coroutine#107] TRACE i.m.impl.recording.PermanentMocker - Mocked permanently: FactRepository(#3).incrementAccessCount(any())
2025-01-06 19:33:24.049 [Test worker @coroutine#107] TRACE i.m.i.r.states.RecordingState - Done verification. Outcome: OK(verifiedCalls=[])
2025-01-06 19:33:24.061 [Test worker] DEBUG i.m.i.i.AbstractMockFactory - Creating mockk for FactRepository name=#5
2025-01-06 19:33:24.061 [Test worker] TRACE i.m.i.i.AbstractMockFactory - Building proxy for FactRepository hashcode=532e27ab
2025-01-06 19:33:24.061 [Test worker] TRACE io.mockk.proxy.common.ProxyMaker - Taking instance of class com.example.repository.FactRepository itself because it is final.
2025-01-06 19:33:24.061 [Test worker] TRACE io.mockk.proxy.common.ProxyMaker - Instantiating proxy for class com.example.repository.FactRepository via instantiator
2025-01-06 19:33:24.061 [Test worker] TRACE i.m.proxy.jvm.ObjenesisInstantiator - Creating new empty instance of class com.example.repository.FactRepository
2025-01-06 19:33:24.069 [Test worker @coroutine#108] TRACE i.m.i.recording.CommonCallRecorder - Starting stubbing
2025-01-06 19:33:24.071 [Test worker @coroutine#108] TRACE i.m.i.r.SignatureMatcherDetector - Matcher map: {}
2025-01-06 19:33:24.071 [Test worker @coroutine#108] TRACE i.m.i.recording.ChainedCallDetector - Processing call #0: retrievePermalink(String)
2025-01-06 19:33:24.071 [Test worker @coroutine#108] TRACE i.m.i.recording.ChainedCallDetector - Signature for 0 argument of retrievePermalink(String): [abcd1234]
2025-01-06 19:33:24.071 [Test worker @coroutine#108] TRACE i.m.i.recording.ChainedCallDetector - Built matcher: FactRepository(#5).retrievePermalink(eq(abcd1234)))
2025-01-06 19:33:24.071 [Test worker @coroutine#108] TRACE i.m.impl.recording.PermanentMocker - Mocked permanently: FactRepository(#5).retrievePermalink(eq(abcd1234))
2025-01-06 19:33:24.071 [Test worker @coroutine#108] TRACE i.m.i.r.s.StubbingAwaitingAnswerState - Done stubbing. Still accepting additional answers
2025-01-06 19:33:24.073 [Test worker @coroutine#108] DEBUG i.m.i.r.states.AnsweringState - Answering https://example.com/fact/abcd1234 on FactRepository(#5).retrievePermalink(abcd1234)
2025-01-06 19:33:24.075 [Test worker @coroutine#108] DEBUG i.m.i.r.states.AnsweringState - Answering kotlin.Unit on FactRepository(#5).incrementAccessCount(abcd1234)
2025-01-06 19:33:24.081 [Test worker @coroutine#108] TRACE i.m.i.recording.CommonCallRecorder - Starting verification
2025-01-06 19:33:24.083 [Test worker @coroutine#108] TRACE i.m.i.i.AbstractMockFactory - Building proxy for Unit hashcode=62f9c790
2025-01-06 19:33:24.086 [Test worker @coroutine#108] TRACE io.mockk.proxy.common.ProxyMaker - Taking instance of class kotlin.Unit itself because it is final.
2025-01-06 19:33:24.086 [Test worker @coroutine#108] TRACE io.mockk.proxy.common.ProxyMaker - Instantiating proxy for class kotlin.Unit via instantiator
2025-01-06 19:33:24.087 [Test worker @coroutine#108] TRACE i.m.proxy.jvm.ObjenesisInstantiator - Creating new empty instance of class kotlin.Unit
2025-01-06 19:33:24.087 [Test worker @coroutine#108] TRACE i.m.i.r.SignatureMatcherDetector - Matcher map: {}
2025-01-06 19:33:24.087 [Test worker @coroutine#108] TRACE i.m.i.recording.ChainedCallDetector - Processing call #0: incrementAccessCount(String)
2025-01-06 19:33:24.087 [Test worker @coroutine#108] TRACE i.m.i.recording.ChainedCallDetector - Signature for 0 argument of incrementAccessCount(String): [abcd1234]
2025-01-06 19:33:24.088 [Test worker @coroutine#108] TRACE i.m.i.recording.ChainedCallDetector - Built matcher: FactRepository(#5).incrementAccessCount(eq(abcd1234)))
2025-01-06 19:33:24.088 [Test worker @coroutine#108] TRACE i.m.impl.recording.PermanentMocker - Child search key: FactRepository(#5).incrementAccessCount(eq(abcd1234)))
2025-01-06 19:33:24.088 [Test worker @coroutine#108] DEBUG i.m.i.i.AbstractMockFactory - Creating mockk for Unit name=child of #5#6
2025-01-06 19:33:24.088 [Test worker @coroutine#108] TRACE i.m.i.i.AbstractMockFactory - Building proxy for Unit hashcode=62f9c790
2025-01-06 19:33:24.089 [Test worker @coroutine#108] TRACE io.mockk.proxy.common.ProxyMaker - Taking instance of class kotlin.Unit itself because it is final.
2025-01-06 19:33:24.089 [Test worker @coroutine#108] TRACE io.mockk.proxy.common.ProxyMaker - Instantiating proxy for class kotlin.Unit via instantiator
2025-01-06 19:33:24.089 [Test worker @coroutine#108] TRACE i.m.proxy.jvm.ObjenesisInstantiator - Creating new empty instance of class kotlin.Unit
2025-01-06 19:33:24.089 [Test worker @coroutine#108] TRACE i.m.impl.recording.PermanentMocker - Mocked permanently: FactRepository(#5).incrementAccessCount(eq(abcd1234))
2025-01-06 19:33:24.090 [Test worker @coroutine#108] TRACE i.m.i.r.states.RecordingState - Done verification. Outcome: OK(verifiedCalls=[FactRepository(#5).incrementAccessCount(abcd1234)])
2025-01-06 19:33:24.100 [Test worker] DEBUG i.m.i.i.AbstractMockFactory - Creating mockk for FactRepository name=#7
2025-01-06 19:33:24.101 [Test worker] TRACE i.m.i.i.AbstractMockFactory - Building proxy for FactRepository hashcode=532e27ab
2025-01-06 19:33:24.101 [Test worker] TRACE io.mockk.proxy.common.ProxyMaker - Taking instance of class com.example.repository.FactRepository itself because it is final.
2025-01-06 19:33:24.101 [Test worker] TRACE io.mockk.proxy.common.ProxyMaker - Instantiating proxy for class com.example.repository.FactRepository via instantiator
2025-01-06 19:33:24.101 [Test worker] TRACE i.m.proxy.jvm.ObjenesisInstantiator - Creating new empty instance of class com.example.repository.FactRepository
2025-01-06 19:33:24.108 [Test worker @coroutine#109] TRACE i.k.c.p.c.ContentNegotiation - Adding Accept=application header for https://uselessfacts.jsph.pl/random.json?language=en
2025-01-06 19:33:24.109 [Test worker @coroutine#109] TRACE i.k.c.p.c.ContentNegotiation - Body type class io.ktor.client.utils.EmptyContent is in ignored types. Skipping ContentNegotiation for https://uselessfacts.jsph.pl/random.json?language=en.
2025-01-06 19:33:24.109 [Test worker @coroutine#109] TRACE i.ktor.client.plugins.HttpPlainText - Adding Accept-Charset=UTF-8 to https://uselessfacts.jsph.pl/random.json?language=en
2025-01-06 19:33:24.119 [Test worker @coroutine#109] TRACE i.k.client.plugins.HttpCallValidator - Validating response for request https://uselessfacts.jsph.pl/random.json?language=en
2025-01-06 19:33:24.119 [Test worker @coroutine#109] TRACE i.k.c.p.DefaultResponseValidation - Skipping default response validation for https://uselessfacts.jsph.pl/random.json?language=en
2025-01-06 19:33:24.133 [Test worker @coroutine#109] TRACE i.k.c.p.c.ContentNegotiation - Response body was converted to class com.example.dtos.UselessFactResponseDto for https://uselessfacts.jsph.pl/random.json?language=en.
2025-01-06 19:33:24.138 [Test worker @coroutine#109] DEBUG i.m.i.r.states.AnsweringState - Answering kotlin.Unit on FactRepository(#7).storeFact(791de5ec, This is a test fact, https://example.com/fact/12345)
2025-01-06 19:33:24.140 [Test worker @coroutine#109] TRACE i.m.i.recording.CommonCallRecorder - Starting verification
2025-01-06 19:33:24.143 [Test worker @coroutine#114] TRACE i.m.i.i.AbstractMockFactory - Building proxy for Unit hashcode=4a22e4d7
2025-01-06 19:33:24.144 [Test worker @coroutine#114] TRACE io.mockk.proxy.common.ProxyMaker - Taking instance of class kotlin.Unit itself because it is final.
2025-01-06 19:33:24.144 [Test worker @coroutine#114] TRACE io.mockk.proxy.common.ProxyMaker - Instantiating proxy for class kotlin.Unit via instantiator
2025-01-06 19:33:24.144 [Test worker @coroutine#114] TRACE i.m.proxy.jvm.ObjenesisInstantiator - Creating new empty instance of class kotlin.Unit
2025-01-06 19:33:24.145 [Test worker @coroutine#109] TRACE i.m.i.r.SignatureMatcherDetector - Matcher map: {[2cb85846bd092385]=any()}
2025-01-06 19:33:24.145 [Test worker @coroutine#109] TRACE i.m.i.recording.ChainedCallDetector - Processing call #0: storeFact(String, String, String)
2025-01-06 19:33:24.146 [Test worker @coroutine#109] TRACE i.m.i.recording.ChainedCallDetector - Signature for 0 argument of storeFact(String, String, String): [2cb85846bd092385]
2025-01-06 19:33:24.146 [Test worker @coroutine#109] TRACE i.m.i.recording.ChainedCallDetector - Signature for 1 argument of storeFact(String, String, String): [This is a test fact]
2025-01-06 19:33:24.146 [Test worker @coroutine#109] TRACE i.m.i.recording.ChainedCallDetector - Signature for 2 argument of storeFact(String, String, String): [https://example.com/fact/12345]
2025-01-06 19:33:24.146 [Test worker @coroutine#109] TRACE i.m.i.recording.ChainedCallDetector - Built matcher: FactRepository(#7).storeFact(any(), eq(This is a test fact), eq(https://example.com/fact/12345)))
2025-01-06 19:33:24.146 [Test worker @coroutine#109] TRACE i.m.impl.recording.PermanentMocker - Child search key: FactRepository(#7).storeFact(any(), eq(This is a test fact), eq(https://example.com/fact/12345)))
2025-01-06 19:33:24.146 [Test worker @coroutine#109] DEBUG i.m.i.i.AbstractMockFactory - Creating mockk for Unit name=child of #7#8
2025-01-06 19:33:24.146 [Test worker @coroutine#109] TRACE i.m.i.i.AbstractMockFactory - Building proxy for Unit hashcode=4a22e4d7
2025-01-06 19:33:24.147 [Test worker @coroutine#109] TRACE io.mockk.proxy.common.ProxyMaker - Taking instance of class kotlin.Unit itself because it is final.
2025-01-06 19:33:24.147 [Test worker @coroutine#109] TRACE io.mockk.proxy.common.ProxyMaker - Instantiating proxy for class kotlin.Unit via instantiator
2025-01-06 19:33:24.147 [Test worker @coroutine#109] TRACE i.m.proxy.jvm.ObjenesisInstantiator - Creating new empty instance of class kotlin.Unit
2025-01-06 19:33:24.149 [Test worker @coroutine#109] TRACE i.m.impl.recording.PermanentMocker - Mocked permanently: FactRepository(#7).storeFact(any(), eq(This is a test fact), eq(https://example.com/fact/12345))
2025-01-06 19:33:24.150 [Test worker @coroutine#109] TRACE i.m.i.r.states.RecordingState - Done verification. Outcome: OK(verifiedCalls=[FactRepository(#7).storeFact(791de5ec, This is a test fact, https://example.com/fact/12345)])
2025-01-06 19:33:24.158 [Test worker] DEBUG i.m.i.i.AbstractMockFactory - Creating mockk for FactRepository name=#9
2025-01-06 19:33:24.158 [Test worker] TRACE i.m.i.i.AbstractMockFactory - Building proxy for FactRepository hashcode=532e27ab
2025-01-06 19:33:24.158 [Test worker] TRACE io.mockk.proxy.common.ProxyMaker - Taking instance of class com.example.repository.FactRepository itself because it is final.
2025-01-06 19:33:24.158 [Test worker] TRACE io.mockk.proxy.common.ProxyMaker - Instantiating proxy for class com.example.repository.FactRepository via instantiator
2025-01-06 19:33:24.158 [Test worker] TRACE i.m.proxy.jvm.ObjenesisInstantiator - Creating new empty instance of class com.example.repository.FactRepository
2025-01-06 19:33:24.163 [Test worker @coroutine#115] TRACE i.m.i.recording.CommonCallRecorder - Starting stubbing
2025-01-06 19:33:24.169 [Test worker @coroutine#115] TRACE i.m.i.i.AbstractMockFactory - Building proxy for FactDto hashcode=723742b2
2025-01-06 19:33:24.170 [Test worker @coroutine#115] TRACE i.m.p.j.t.JvmInlineInstrumentation - Retransforming [Ljava.lang.Class;@559991f5
2025-01-06 19:33:24.211 [Test worker @coroutine#115] TRACE io.mockk.proxy.common.ProxyMaker - Taking instance of class com.example.dtos.FactDto itself because it is final.
2025-01-06 19:33:24.212 [Test worker @coroutine#115] TRACE io.mockk.proxy.common.ProxyMaker - Instantiating proxy for class com.example.dtos.FactDto via instantiator
2025-01-06 19:33:24.212 [Test worker @coroutine#115] TRACE i.m.proxy.jvm.ObjenesisInstantiator - Creating new empty instance of class com.example.dtos.FactDto
2025-01-06 19:33:24.218 [Test worker @coroutine#115] TRACE i.m.i.r.SignatureMatcherDetector - Matcher map: {}
2025-01-06 19:33:24.220 [Test worker @coroutine#115] TRACE i.m.i.recording.ChainedCallDetector - Processing call #0: retrieveFact(String)
2025-01-06 19:33:24.220 [Test worker @coroutine#115] TRACE i.m.i.recording.ChainedCallDetector - Signature for 0 argument of retrieveFact(String): [abcd1234]
2025-01-06 19:33:24.221 [Test worker @coroutine#115] TRACE i.m.i.recording.ChainedCallDetector - Built matcher: FactRepository(#9).retrieveFact(eq(abcd1234)))
2025-01-06 19:33:24.222 [Test worker @coroutine#115] TRACE i.m.impl.recording.PermanentMocker - Child search key: FactRepository(#9).retrieveFact(eq(abcd1234)))
2025-01-06 19:33:24.222 [Test worker @coroutine#115] DEBUG i.m.i.i.AbstractMockFactory - Creating mockk for FactDto name=child of #9#10
2025-01-06 19:33:24.222 [Test worker @coroutine#115] TRACE i.m.i.i.AbstractMockFactory - Building proxy for FactDto hashcode=723742b2
2025-01-06 19:33:24.222 [Test worker @coroutine#115] TRACE io.mockk.proxy.common.ProxyMaker - Taking instance of class com.example.dtos.FactDto itself because it is final.
2025-01-06 19:33:24.222 [Test worker @coroutine#115] TRACE io.mockk.proxy.common.ProxyMaker - Instantiating proxy for class com.example.dtos.FactDto via instantiator
2025-01-06 19:33:24.222 [Test worker @coroutine#115] TRACE i.m.proxy.jvm.ObjenesisInstantiator - Creating new empty instance of class com.example.dtos.FactDto
2025-01-06 19:33:24.223 [Test worker @coroutine#115] TRACE i.m.impl.recording.PermanentMocker - Mocked permanently: FactRepository(#9).retrieveFact(eq(abcd1234))
2025-01-06 19:33:24.223 [Test worker @coroutine#115] TRACE i.m.i.r.s.StubbingAwaitingAnswerState - Done stubbing. Still accepting additional answers
2025-01-06 19:33:24.226 [Test worker @coroutine#115] DEBUG i.m.i.r.states.AnsweringState - Answering FactDto(fact=This is a test fact, originalPermalink=https://example.com/fact/abcd1234) on FactRepository(#9).retrieveFact(abcd1234)
2025-01-06 19:33:24.227 [Test worker @coroutine#115] DEBUG i.m.i.r.states.AnsweringState - Answering kotlin.Unit on FactRepository(#9).incrementAccessCount(abcd1234)
2025-01-06 19:33:24.230 [Test worker @coroutine#115] TRACE i.m.i.recording.CommonCallRecorder - Starting verification
2025-01-06 19:33:24.231 [Test worker @coroutine#115] TRACE i.m.i.i.AbstractMockFactory - Building proxy for Unit hashcode=62f9c790
2025-01-06 19:33:24.231 [Test worker @coroutine#115] TRACE io.mockk.proxy.common.ProxyMaker - Taking instance of class kotlin.Unit itself because it is final.
2025-01-06 19:33:24.231 [Test worker @coroutine#115] TRACE io.mockk.proxy.common.ProxyMaker - Instantiating proxy for class kotlin.Unit via instantiator
2025-01-06 19:33:24.231 [Test worker @coroutine#115] TRACE i.m.proxy.jvm.ObjenesisInstantiator - Creating new empty instance of class kotlin.Unit
2025-01-06 19:33:24.232 [Test worker @coroutine#115] TRACE i.m.i.r.SignatureMatcherDetector - Matcher map: {}
2025-01-06 19:33:24.232 [Test worker @coroutine#115] TRACE i.m.i.recording.ChainedCallDetector - Processing call #0: incrementAccessCount(String)
2025-01-06 19:33:24.232 [Test worker @coroutine#115] TRACE i.m.i.recording.ChainedCallDetector - Signature for 0 argument of incrementAccessCount(String): [abcd1234]
2025-01-06 19:33:24.232 [Test worker @coroutine#115] TRACE i.m.i.recording.ChainedCallDetector - Built matcher: FactRepository(#9).incrementAccessCount(eq(abcd1234)))
2025-01-06 19:33:24.233 [Test worker @coroutine#115] TRACE i.m.impl.recording.PermanentMocker - Child search key: FactRepository(#9).incrementAccessCount(eq(abcd1234)))
2025-01-06 19:33:24.234 [Test worker @coroutine#115] DEBUG i.m.i.i.AbstractMockFactory - Creating mockk for Unit name=child of #9#11
2025-01-06 19:33:24.234 [Test worker @coroutine#115] TRACE i.m.i.i.AbstractMockFactory - Building proxy for Unit hashcode=62f9c790
2025-01-06 19:33:24.234 [Test worker @coroutine#115] TRACE io.mockk.proxy.common.ProxyMaker - Taking instance of class kotlin.Unit itself because it is final.
2025-01-06 19:33:24.234 [Test worker @coroutine#115] TRACE io.mockk.proxy.common.ProxyMaker - Instantiating proxy for class kotlin.Unit via instantiator
2025-01-06 19:33:24.234 [Test worker @coroutine#115] TRACE i.m.proxy.jvm.ObjenesisInstantiator - Creating new empty instance of class kotlin.Unit
2025-01-06 19:33:24.235 [Test worker @coroutine#115] TRACE i.m.impl.recording.PermanentMocker - Mocked permanently: FactRepository(#9).incrementAccessCount(eq(abcd1234))
2025-01-06 19:33:24.236 [Test worker @coroutine#115] TRACE i.m.i.r.states.RecordingState - Done verification. Outcome: OK(verifiedCalls=[FactRepository(#9).incrementAccessCount(abcd1234)])
2025-01-06 19:33:24.244 [Test worker] DEBUG i.m.i.i.AbstractMockFactory - Creating mockk for FactRepository name=#12
2025-01-06 19:33:24.245 [Test worker] TRACE i.m.i.i.AbstractMockFactory - Building proxy for FactRepository hashcode=532e27ab
2025-01-06 19:33:24.245 [Test worker] TRACE io.mockk.proxy.common.ProxyMaker - Taking instance of class com.example.repository.FactRepository itself because it is final.
2025-01-06 19:33:24.245 [Test worker] TRACE io.mockk.proxy.common.ProxyMaker - Instantiating proxy for class com.example.repository.FactRepository via instantiator
2025-01-06 19:33:24.245 [Test worker] TRACE i.m.proxy.jvm.ObjenesisInstantiator - Creating new empty instance of class com.example.repository.FactRepository
2025-01-06 19:33:24.250 [Test worker @coroutine#116] TRACE i.m.i.recording.CommonCallRecorder - Starting stubbing
2025-01-06 19:33:24.253 [Test worker @coroutine#116] TRACE i.m.i.i.AbstractMockFactory - Building proxy for List hashcode=37ca3ca8
2025-01-06 19:33:24.253 [Test worker @coroutine#116] TRACE io.mockk.proxy.common.ProxyMaker - Building subclass proxy for interface java.util.List with additional interfaces []
2025-01-06 19:33:24.253 [Test worker @coroutine#116] TRACE io.mockk.proxy.common.ProxyMaker - Instantiating proxy for interface java.util.List via instantiator
2025-01-06 19:33:24.253 [Test worker @coroutine#116] TRACE i.m.proxy.jvm.ObjenesisInstantiator - Skipping instantiation subsclassing class io.mockk.renamed.java.util.List$Subclass0 because class is not abstract.
2025-01-06 19:33:24.253 [Test worker @coroutine#116] TRACE i.m.proxy.jvm.ObjenesisInstantiator - Creating new empty instance of class io.mockk.renamed.java.util.List$Subclass0
2025-01-06 19:33:24.254 [Test worker @coroutine#116] TRACE i.m.i.r.SignatureMatcherDetector - Matcher map: {}
2025-01-06 19:33:24.254 [Test worker @coroutine#116] TRACE i.m.i.recording.ChainedCallDetector - Processing call #0: getAccessStatistics(AppConfig)
2025-01-06 19:33:24.254 [Test worker @coroutine#116] TRACE i.m.i.recording.ChainedCallDetector - Signature for 0 argument of getAccessStatistics(AppConfig): [Ref(AppConfig@1c7f9861)]
2025-01-06 19:33:24.255 [Test worker @coroutine#116] TRACE i.m.i.recording.ChainedCallDetector - Built matcher: FactRepository(#12).getAccessStatistics(eq(com.example.utils.AppConfig@1c7f9861)))
2025-01-06 19:33:24.255 [Test worker @coroutine#116] TRACE i.m.impl.recording.PermanentMocker - Child search key: FactRepository(#12).getAccessStatistics(eq(com.example.utils.AppConfig@1c7f9861)))
2025-01-06 19:33:24.255 [Test worker @coroutine#116] DEBUG i.m.i.i.AbstractMockFactory - Creating mockk for List name=child of #12#13
2025-01-06 19:33:24.256 [Test worker @coroutine#116] TRACE i.m.i.i.AbstractMockFactory - Building proxy for List hashcode=37ca3ca8
2025-01-06 19:33:24.256 [Test worker @coroutine#116] TRACE io.mockk.proxy.common.ProxyMaker - Building subclass proxy for interface java.util.List with additional interfaces []
2025-01-06 19:33:24.256 [Test worker @coroutine#116] TRACE io.mockk.proxy.common.ProxyMaker - Instantiating proxy for interface java.util.List via instantiator
2025-01-06 19:33:24.257 [Test worker @coroutine#116] TRACE i.m.proxy.jvm.ObjenesisInstantiator - Skipping instantiation subsclassing class io.mockk.renamed.java.util.List$Subclass0 because class is not abstract.
2025-01-06 19:33:24.257 [Test worker @coroutine#116] TRACE i.m.proxy.jvm.ObjenesisInstantiator - Creating new empty instance of class io.mockk.renamed.java.util.List$Subclass0
2025-01-06 19:33:24.258 [Test worker @coroutine#116] TRACE i.m.impl.recording.PermanentMocker - Mocked permanently: FactRepository(#12).getAccessStatistics(eq(com.example.utils.AppConfig@1c7f9861))
2025-01-06 19:33:24.258 [Test worker @coroutine#116] TRACE i.m.i.r.s.StubbingAwaitingAnswerState - Done stubbing. Still accepting additional answers
2025-01-06 19:33:24.288 [Test worker @coroutine#116] DEBUG i.m.i.r.states.AnsweringState - Answering [AccessStatisticDto(shortenedUrl=http://localhost:8080/facts/abcd1234, accessCount=10), AccessStatisticDto(shortenedUrl=http://localhost:8080/facts/efgh5678, accessCount=5)] on FactRepository(#12).getAccessStatistics(com.example.utils.AppConfig@1c7f9861)
2025-01-06 19:33:24.292 [Test worker] DEBUG i.m.i.i.AbstractMockFactory - Creating mockk for FactRepository name=#14
2025-01-06 19:33:24.293 [Test worker] TRACE i.m.i.i.AbstractMockFactory - Building proxy for FactRepository hashcode=532e27ab
2025-01-06 19:33:24.293 [Test worker] TRACE io.mockk.proxy.common.ProxyMaker - Taking instance of class com.example.repository.FactRepository itself because it is final.
2025-01-06 19:33:24.293 [Test worker] TRACE io.mockk.proxy.common.ProxyMaker - Instantiating proxy for class com.example.repository.FactRepository via instantiator
2025-01-06 19:33:24.293 [Test worker] TRACE i.m.proxy.jvm.ObjenesisInstantiator - Creating new empty instance of class com.example.repository.FactRepository
2025-01-06 19:33:24.298 [Test worker @coroutine#117] TRACE i.m.i.recording.CommonCallRecorder - Starting stubbing
2025-01-06 19:33:24.299 [Test worker @coroutine#117] TRACE i.m.i.i.AbstractMockFactory - Building proxy for FactDto hashcode=723742b2
2025-01-06 19:33:24.299 [Test worker @coroutine#117] TRACE io.mockk.proxy.common.ProxyMaker - Taking instance of class com.example.dtos.FactDto itself because it is final.
2025-01-06 19:33:24.299 [Test worker @coroutine#117] TRACE io.mockk.proxy.common.ProxyMaker - Instantiating proxy for class com.example.dtos.FactDto via instantiator
2025-01-06 19:33:24.299 [Test worker @coroutine#117] TRACE i.m.proxy.jvm.ObjenesisInstantiator - Creating new empty instance of class com.example.dtos.FactDto
2025-01-06 19:33:24.300 [Test worker @coroutine#117] TRACE i.m.i.r.SignatureMatcherDetector - Matcher map: {}
2025-01-06 19:33:24.300 [Test worker @coroutine#117] TRACE i.m.i.recording.ChainedCallDetector - Processing call #0: retrieveFact(String)
2025-01-06 19:33:24.300 [Test worker @coroutine#117] TRACE i.m.i.recording.ChainedCallDetector - Signature for 0 argument of retrieveFact(String): [non-existent-url]
2025-01-06 19:33:24.300 [Test worker @coroutine#117] TRACE i.m.i.recording.ChainedCallDetector - Built matcher: FactRepository(#14).retrieveFact(eq(non-existent-url)))
2025-01-06 19:33:24.300 [Test worker @coroutine#117] TRACE i.m.impl.recording.PermanentMocker - Child search key: FactRepository(#14).retrieveFact(eq(non-existent-url)))
2025-01-06 19:33:24.300 [Test worker @coroutine#117] DEBUG i.m.i.i.AbstractMockFactory - Creating mockk for FactDto name=child of #14#15
2025-01-06 19:33:24.300 [Test worker @coroutine#117] TRACE i.m.i.i.AbstractMockFactory - Building proxy for FactDto hashcode=723742b2
2025-01-06 19:33:24.301 [Test worker @coroutine#117] TRACE io.mockk.proxy.common.ProxyMaker - Taking instance of class com.example.dtos.FactDto itself because it is final.
2025-01-06 19:33:24.301 [Test worker @coroutine#117] TRACE io.mockk.proxy.common.ProxyMaker - Instantiating proxy for class com.example.dtos.FactDto via instantiator
2025-01-06 19:33:24.301 [Test worker @coroutine#117] TRACE i.m.proxy.jvm.ObjenesisInstantiator - Creating new empty instance of class com.example.dtos.FactDto
2025-01-06 19:33:24.304 [Test worker @coroutine#117] TRACE i.m.impl.recording.PermanentMocker - Mocked permanently: FactRepository(#14).retrieveFact(eq(non-existent-url))
2025-01-06 19:33:24.305 [Test worker @coroutine#117] TRACE i.m.i.r.s.StubbingAwaitingAnswerState - Done stubbing. Still accepting additional answers
2025-01-06 19:33:24.305 [Test worker @coroutine#117] DEBUG i.m.i.r.states.AnsweringState - Answering null on FactRepository(#14).retrieveFact(non-existent-url)
2025-01-06 19:33:24.309 [Test worker @coroutine#117] TRACE i.m.i.recording.CommonCallRecorder - Starting verification
2025-01-06 19:33:24.311 [Test worker @coroutine#117] TRACE i.m.i.i.AbstractMockFactory - Building proxy for Unit hashcode=62f9c790
2025-01-06 19:33:24.312 [Test worker @coroutine#117] TRACE io.mockk.proxy.common.ProxyMaker - Taking instance of class kotlin.Unit itself because it is final.
2025-01-06 19:33:24.313 [Test worker @coroutine#117] TRACE io.mockk.proxy.common.ProxyMaker - Instantiating proxy for class kotlin.Unit via instantiator
2025-01-06 19:33:24.313 [Test worker @coroutine#117] TRACE i.m.proxy.jvm.ObjenesisInstantiator - Creating new empty instance of class kotlin.Unit
2025-01-06 19:33:24.313 [Test worker @coroutine#117] TRACE i.m.i.r.SignatureMatcherDetector - Matcher map: {[-5781293e718d1265]=any()}
2025-01-06 19:33:24.313 [Test worker @coroutine#117] TRACE i.m.i.recording.ChainedCallDetector - Processing call #0: incrementAccessCount(String)
2025-01-06 19:33:24.313 [Test worker @coroutine#117] TRACE i.m.i.recording.ChainedCallDetector - Signature for 0 argument of incrementAccessCount(String): [-5781293e718d1265]
2025-01-06 19:33:24.313 [Test worker @coroutine#117] TRACE i.m.i.recording.ChainedCallDetector - Built matcher: FactRepository(#14).incrementAccessCount(any()))
2025-01-06 19:33:24.314 [Test worker @coroutine#117] TRACE i.m.impl.recording.PermanentMocker - Child search key: FactRepository(#14).incrementAccessCount(any()))
2025-01-06 19:33:24.314 [Test worker @coroutine#117] DEBUG i.m.i.i.AbstractMockFactory - Creating mockk for Unit name=child of #14#16
2025-01-06 19:33:24.315 [Test worker @coroutine#117] TRACE i.m.i.i.AbstractMockFactory - Building proxy for Unit hashcode=62f9c790
2025-01-06 19:33:24.317 [Test worker @coroutine#117] TRACE io.mockk.proxy.common.ProxyMaker - Taking instance of class kotlin.Unit itself because it is final.
2025-01-06 19:33:24.318 [Test worker @coroutine#117] TRACE io.mockk.proxy.common.ProxyMaker - Instantiating proxy for class kotlin.Unit via instantiator
2025-01-06 19:33:24.319 [Test worker @coroutine#117] TRACE i.m.proxy.jvm.ObjenesisInstantiator - Creating new empty instance of class kotlin.Unit
2025-01-06 19:33:24.320 [Test worker @coroutine#117] TRACE i.m.impl.recording.PermanentMocker - Mocked permanently: FactRepository(#14).incrementAccessCount(any())
2025-01-06 19:33:24.321 [Test worker @coroutine#117] TRACE i.m.i.r.states.RecordingState - Done verification. Outcome: OK(verifiedCalls=[])
]]></system-out>
  <system-err><![CDATA[]]></system-err>
</testsuite>
