<?xml version="1.0" encoding="UTF-8"?>
<testsuite name="com.example.controllers.AdminControllerIT" tests="3" skipped="0" failures="0" errors="0" timestamp="2025-01-06T18:33:20" hostname="ZALANDO-70811" time="0.634">
  <properties/>
  <testcase name="GET admin statistics without API key should return unauthorized()" classname="com.example.controllers.AdminControllerIT" time="0.411"/>
  <testcase name="GET admin statistics with invalid API key should return unauthorized()" classname="com.example.controllers.AdminControllerIT" time="0.028"/>
  <testcase name="GET admin statistics with valid API key should return statistics()" classname="com.example.controllers.AdminControllerIT" time="0.191"/>
  <system-out><![CDATA[2025-01-06 19:33:20.303 [DefaultDispatcher-worker-1] TRACE i.ktor.client.plugins.HttpPlainText - Adding Accept-Charset=UTF-8 to http:///admin/statistics
2025-01-06 19:33:20.380 [DefaultDispatcher-worker-2 @call-context#3] INFO  io.ktor.test - No ktor.deployment.watch patterns specified, automatic reload is not active.
2025-01-06 19:33:20.428 [DefaultDispatcher-worker-2 @call-context#3] INFO  io.ktor.test - Application started in 0.061 seconds.
2025-01-06 19:33:20.431 [DefaultDispatcher-worker-1 @coroutine#4] INFO  io.ktor.test - Responding at http://localhost:80
2025-01-06 19:33:20.432 [DefaultDispatcher-worker-1 @coroutine#4] INFO  io.ktor.test - Responding at https://localhost:443
2025-01-06 19:33:20.462 [DefaultDispatcher-worker-2 @request#3] TRACE io.ktor.server.routing.Routing - Trace for [admin, statistics]
/, segment:0 -> SUCCESS @ /
  /facts, segment:0 -> FAILURE "Selector didn't match" @ /facts
  /admin, segment:1 -> SUCCESS @ /admin
    /admin/statistics, segment:2 -> SUCCESS @ /admin/statistics
      /admin/statistics/(method:GET), segment:2 -> SUCCESS @ /admin/statistics/(method:GET)
Matched routes:
  "" -> "admin" -> "statistics" -> "(method:GET)"
Routing resolve result:
  SUCCESS @ /admin/statistics/(method:GET)
2025-01-06 19:33:20.472 [DefaultDispatcher-worker-2 @request#3] TRACE i.k.s.p.c.ContentNegotiation - Skipping response body transformation from String to OutgoingContent for the GET /admin/statistics request because the String type is ignored. See [ContentNegotiationConfig::ignoreType].
2025-01-06 19:33:20.489 [DefaultDispatcher-worker-2 @request#3] TRACE io.ktor.server.routing.Routing - Trace for [admin, statistics]
/, segment:0 -> FAILURE "Not all segments matched" @ /
Matched routes:
  No results
Routing resolve result:
  FAILURE "No matched subtrees found" @ /
2025-01-06 19:33:20.517 [DefaultDispatcher-worker-1] TRACE i.k.client.plugins.HttpCallValidator - Validating response for request http://localhost/admin/statistics
2025-01-06 19:33:20.518 [DefaultDispatcher-worker-1] TRACE i.k.c.p.DefaultResponseValidation - Skipping default response validation for http://localhost/admin/statistics
2025-01-06 19:33:20.537 [DefaultDispatcher-worker-1] TRACE i.k.c.plugins.defaultTransformers - Transformed with default transformers response body for http://localhost/admin/statistics to class kotlinx.io.Source
2025-01-06 19:33:20.588 [DefaultDispatcher-worker-1] TRACE i.ktor.client.plugins.HttpPlainText - Adding Accept-Charset=UTF-8 to http:///admin/statistics
2025-01-06 19:33:20.589 [DefaultDispatcher-worker-1 @call-context#15] INFO  io.ktor.test - No ktor.deployment.watch patterns specified, automatic reload is not active.
2025-01-06 19:33:20.590 [DefaultDispatcher-worker-1 @call-context#15] INFO  io.ktor.test - Application started in 0.001 seconds.
2025-01-06 19:33:20.591 [DefaultDispatcher-worker-3 @coroutine#16] INFO  io.ktor.test - Responding at http://localhost:80
2025-01-06 19:33:20.591 [DefaultDispatcher-worker-3 @coroutine#16] INFO  io.ktor.test - Responding at https://localhost:443
2025-01-06 19:33:20.594 [DefaultDispatcher-worker-4 @request#15] TRACE io.ktor.server.routing.Routing - Trace for [admin, statistics]
/, segment:0 -> SUCCESS @ /
  /facts, segment:0 -> FAILURE "Selector didn't match" @ /facts
  /admin, segment:1 -> SUCCESS @ /admin
    /admin/statistics, segment:2 -> SUCCESS @ /admin/statistics
      /admin/statistics/(method:GET), segment:2 -> SUCCESS @ /admin/statistics/(method:GET)
Matched routes:
  "" -> "admin" -> "statistics" -> "(method:GET)"
Routing resolve result:
  SUCCESS @ /admin/statistics/(method:GET)
2025-01-06 19:33:20.595 [DefaultDispatcher-worker-4 @request#15] TRACE i.k.s.p.c.ContentNegotiation - Skipping response body transformation from String to OutgoingContent for the GET /admin/statistics request because the String type is ignored. See [ContentNegotiationConfig::ignoreType].
2025-01-06 19:33:20.596 [DefaultDispatcher-worker-4 @request#15] TRACE io.ktor.server.routing.Routing - Trace for [admin, statistics]
/, segment:0 -> FAILURE "Not all segments matched" @ /
Matched routes:
  No results
Routing resolve result:
  FAILURE "No matched subtrees found" @ /
2025-01-06 19:33:20.600 [DefaultDispatcher-worker-1] TRACE i.k.client.plugins.HttpCallValidator - Validating response for request http://localhost/admin/statistics
2025-01-06 19:33:20.600 [DefaultDispatcher-worker-1] TRACE i.k.c.p.DefaultResponseValidation - Skipping default response validation for http://localhost/admin/statistics
2025-01-06 19:33:20.602 [DefaultDispatcher-worker-1] TRACE i.k.c.plugins.defaultTransformers - Transformed with default transformers response body for http://localhost/admin/statistics to class kotlinx.io.Source
2025-01-06 19:33:20.618 [DefaultDispatcher-worker-4] TRACE i.ktor.client.plugins.HttpPlainText - Adding Accept-Charset=UTF-8 to http:///admin/statistics
2025-01-06 19:33:20.620 [DefaultDispatcher-worker-4 @call-context#28] INFO  io.ktor.test - No ktor.deployment.watch patterns specified, automatic reload is not active.
2025-01-06 19:33:20.621 [DefaultDispatcher-worker-4 @call-context#28] INFO  io.ktor.test - Application started in 0.002 seconds.
2025-01-06 19:33:20.622 [DefaultDispatcher-worker-1 @coroutine#29] INFO  io.ktor.test - Responding at http://localhost:80
2025-01-06 19:33:20.623 [DefaultDispatcher-worker-1 @coroutine#29] INFO  io.ktor.test - Responding at https://localhost:443
2025-01-06 19:33:20.626 [DefaultDispatcher-worker-4 @request#28] TRACE io.ktor.server.routing.Routing - Trace for [admin, statistics]
/, segment:0 -> SUCCESS @ /
  /facts, segment:0 -> FAILURE "Selector didn't match" @ /facts
  /admin, segment:1 -> SUCCESS @ /admin
    /admin/statistics, segment:2 -> SUCCESS @ /admin/statistics
      /admin/statistics/(method:GET), segment:2 -> SUCCESS @ /admin/statistics/(method:GET)
Matched routes:
  "" -> "admin" -> "statistics" -> "(method:GET)"
Routing resolve result:
  SUCCESS @ /admin/statistics/(method:GET)
2025-01-06 19:33:20.759 [DefaultDispatcher-worker-4 @request#28] TRACE io.ktor.server.routing.Routing - Trace for [admin, statistics]
/, segment:0 -> FAILURE "Not all segments matched" @ /
Matched routes:
  No results
Routing resolve result:
  FAILURE "No matched subtrees found" @ /
2025-01-06 19:33:20.760 [DefaultDispatcher-worker-6] TRACE i.k.client.plugins.HttpCallValidator - Validating response for request http://localhost/admin/statistics
2025-01-06 19:33:20.761 [DefaultDispatcher-worker-6] TRACE i.k.c.p.DefaultResponseValidation - Skipping default response validation for http://localhost/admin/statistics
2025-01-06 19:33:20.761 [DefaultDispatcher-worker-6] TRACE i.k.c.plugins.defaultTransformers - Transformed with default transformers response body for http://localhost/admin/statistics to class kotlinx.io.Source
]]></system-out>
  <system-err><![CDATA[]]></system-err>
</testsuite>
