<?xml version="1.0" encoding="UTF-8"?>
<testsuite name="com.example.controllers.FactControllerIT" tests="4" skipped="0" failures="0" errors="0" timestamp="2025-01-06T18:33:20" hostname="ZALANDO-70811" time="1.226">
  <properties/>
  <testcase name="POST facts should create a shortened URL and store fact()" classname="com.example.controllers.FactControllerIT" time="1.021"/>
  <testcase name="GET facts by invalid shortened URL should return 404()" classname="com.example.controllers.FactControllerIT" time="0.02"/>
  <testcase name="GET facts by shortened URL should return specific fact()" classname="com.example.controllers.FactControllerIT" time="0.15"/>
  <testcase name="GET facts should return all stored facts()" classname="com.example.controllers.FactControllerIT" time="0.026"/>
  <system-out><![CDATA[2025-01-06 19:33:20.817 [DefaultDispatcher-worker-6] TRACE i.ktor.client.plugins.HttpPlainText - Adding Accept-Charset=UTF-8 to http:///facts
2025-01-06 19:33:20.818 [DefaultDispatcher-worker-6 @call-context#43] INFO  io.ktor.test - No ktor.deployment.watch patterns specified, automatic reload is not active.
2025-01-06 19:33:20.819 [DefaultDispatcher-worker-6 @call-context#43] INFO  io.ktor.test - Application started in 0.001 seconds.
2025-01-06 19:33:20.820 [DefaultDispatcher-worker-1 @coroutine#44] INFO  io.ktor.test - Responding at http://localhost:80
2025-01-06 19:33:20.820 [DefaultDispatcher-worker-1 @coroutine#44] INFO  io.ktor.test - Responding at https://localhost:443
2025-01-06 19:33:20.823 [DefaultDispatcher-worker-6 @request#43] TRACE io.ktor.server.routing.Routing - Trace for [facts]
/, segment:0 -> SUCCESS @ /
  /facts, segment:1 -> SUCCESS @ /facts
    /facts/(method:POST), segment:1 -> SUCCESS @ /facts/(method:POST)
    /facts/{shortenedUrl}, segment:1 -> FAILURE "Selector didn't match" @ /facts/{shortenedUrl}
    /facts/(method:GET), segment:1 -> FAILURE "Selector didn't match" @ /facts/(method:GET)
  /admin, segment:0 -> FAILURE "Selector didn't match" @ /admin
Matched routes:
  "" -> "facts" -> "(method:POST)"
Routing resolve result:
  SUCCESS @ /facts/(method:POST)
2025-01-06 19:33:20.827 [DefaultDispatcher-worker-6 @request#43] TRACE i.k.c.p.c.ContentNegotiation - Adding Accept=application header for https://uselessfacts.jsph.pl/random.json?language=en
2025-01-06 19:33:20.828 [DefaultDispatcher-worker-6 @request#43] TRACE i.k.c.p.c.ContentNegotiation - Body type class io.ktor.client.utils.EmptyContent is in ignored types. Skipping ContentNegotiation for https://uselessfacts.jsph.pl/random.json?language=en.
2025-01-06 19:33:20.829 [DefaultDispatcher-worker-6 @request#43] TRACE i.ktor.client.plugins.HttpPlainText - Adding Accept-Charset=UTF-8 to https://uselessfacts.jsph.pl/random.json?language=en
2025-01-06 19:33:21.691 [DefaultDispatcher-worker-6 @request#43] TRACE io.ktor.client.plugins.HttpRedirect - Received redirect response to https://uselessfacts.jsph.pl/api/v2/facts/random?language=en for request https://uselessfacts.jsph.pl/random.json?language=en
2025-01-06 19:33:21.745 [DefaultDispatcher-worker-5 @request#43] TRACE i.k.client.plugins.HttpCallValidator - Validating response for request https://uselessfacts.jsph.pl/api/v2/facts/random?language=en
2025-01-06 19:33:21.745 [DefaultDispatcher-worker-5 @request#43] TRACE i.k.c.p.DefaultResponseValidation - Skipping default response validation for https://uselessfacts.jsph.pl/api/v2/facts/random?language=en
2025-01-06 19:33:21.799 [DefaultDispatcher-worker-5 @request#43] TRACE i.k.c.p.c.ContentNegotiation - Response body was converted to class com.example.dtos.UselessFactResponseDto for https://uselessfacts.jsph.pl/api/v2/facts/random?language=en.
2025-01-06 19:33:21.811 [DefaultDispatcher-worker-5 @request#43] TRACE io.ktor.server.routing.Routing - Trace for [facts]
/, segment:0 -> FAILURE "Not all segments matched" @ /
Matched routes:
  No results
Routing resolve result:
  FAILURE "No matched subtrees found" @ /
2025-01-06 19:33:21.815 [DefaultDispatcher-worker-6] TRACE i.k.client.plugins.HttpCallValidator - Validating response for request http://localhost/facts
2025-01-06 19:33:21.816 [DefaultDispatcher-worker-6] TRACE i.k.c.p.DefaultResponseValidation - Skipping default response validation for http://localhost/facts
2025-01-06 19:33:21.816 [DefaultDispatcher-worker-6] TRACE i.k.c.plugins.defaultTransformers - Transformed with default transformers response body for http://localhost/facts to class kotlinx.io.Source
2025-01-06 19:33:21.843 [DefaultDispatcher-worker-6] TRACE i.ktor.client.plugins.HttpPlainText - Adding Accept-Charset=UTF-8 to http:///facts/non-existent
2025-01-06 19:33:21.846 [DefaultDispatcher-worker-6 @call-context#64] INFO  io.ktor.test - No ktor.deployment.watch patterns specified, automatic reload is not active.
2025-01-06 19:33:21.848 [DefaultDispatcher-worker-6 @call-context#64] INFO  io.ktor.test - Application started in 0.003 seconds.
2025-01-06 19:33:21.849 [DefaultDispatcher-worker-5 @coroutine#65] INFO  io.ktor.test - Responding at http://localhost:80
2025-01-06 19:33:21.849 [DefaultDispatcher-worker-5 @coroutine#65] INFO  io.ktor.test - Responding at https://localhost:443
2025-01-06 19:33:21.852 [DefaultDispatcher-worker-6 @request#64] TRACE io.ktor.server.routing.Routing - Trace for [facts, non-existent]
/, segment:0 -> SUCCESS @ /
  /facts, segment:1 -> SUCCESS @ /facts
    /facts/(method:POST), segment:1 -> FAILURE "Selector didn't match" @ /facts/(method:POST)
    /facts/{shortenedUrl}, segment:2 -> SUCCESS; Parameters [shortenedUrl=[non-existent]] @ /facts/{shortenedUrl}
      /facts/{shortenedUrl}/(method:GET), segment:2 -> SUCCESS @ /facts/{shortenedUrl}/(method:GET)
      /facts/{shortenedUrl}/redirect, segment:2 -> FAILURE "Selector didn't match" @ /facts/{shortenedUrl}/redirect
    /facts/(method:GET), segment:1 -> FAILURE "Not all segments matched" @ /facts/(method:GET)
  /admin, segment:0 -> FAILURE "Selector didn't match" @ /admin
Matched routes:
  "" -> "facts" -> "{shortenedUrl}" -> "(method:GET)"
Routing resolve result:
  SUCCESS; Parameters [shortenedUrl=[non-existent]] @ /facts/{shortenedUrl}/(method:GET)
2025-01-06 19:33:21.853 [DefaultDispatcher-worker-6 @request#64] TRACE i.k.s.p.c.ContentNegotiation - Skipping response body transformation from String to OutgoingContent for the GET /facts/non-existent request because the String type is ignored. See [ContentNegotiationConfig::ignoreType].
2025-01-06 19:33:21.854 [DefaultDispatcher-worker-6 @request#64] TRACE io.ktor.server.routing.Routing - Trace for [facts, non-existent]
/, segment:0 -> FAILURE "Not all segments matched" @ /
Matched routes:
  No results
Routing resolve result:
  FAILURE "No matched subtrees found" @ /
2025-01-06 19:33:21.855 [DefaultDispatcher-worker-1] TRACE i.k.client.plugins.HttpCallValidator - Validating response for request http://localhost/facts/non-existent
2025-01-06 19:33:21.855 [DefaultDispatcher-worker-1] TRACE i.k.c.p.DefaultResponseValidation - Skipping default response validation for http://localhost/facts/non-existent
2025-01-06 19:33:21.864 [DefaultDispatcher-worker-4] TRACE i.ktor.client.plugins.HttpPlainText - Adding Accept-Charset=UTF-8 to http:///facts/abcd1234
2025-01-06 19:33:21.960 [DefaultDispatcher-worker-4 @call-context#77] INFO  io.ktor.test - No ktor.deployment.watch patterns specified, automatic reload is not active.
2025-01-06 19:33:21.963 [DefaultDispatcher-worker-4 @call-context#77] INFO  io.ktor.test - Application started in 0.003 seconds.
2025-01-06 19:33:21.966 [DefaultDispatcher-worker-6 @coroutine#78] INFO  io.ktor.test - Responding at http://localhost:80
2025-01-06 19:33:21.967 [DefaultDispatcher-worker-6 @coroutine#78] INFO  io.ktor.test - Responding at https://localhost:443
2025-01-06 19:33:21.985 [DefaultDispatcher-worker-4 @request#77] TRACE io.ktor.server.routing.Routing - Trace for [facts, abcd1234]
/, segment:0 -> SUCCESS @ /
  /facts, segment:1 -> SUCCESS @ /facts
    /facts/(method:POST), segment:1 -> FAILURE "Selector didn't match" @ /facts/(method:POST)
    /facts/{shortenedUrl}, segment:2 -> SUCCESS; Parameters [shortenedUrl=[abcd1234]] @ /facts/{shortenedUrl}
      /facts/{shortenedUrl}/(method:GET), segment:2 -> SUCCESS @ /facts/{shortenedUrl}/(method:GET)
      /facts/{shortenedUrl}/redirect, segment:2 -> FAILURE "Selector didn't match" @ /facts/{shortenedUrl}/redirect
    /facts/(method:GET), segment:1 -> FAILURE "Not all segments matched" @ /facts/(method:GET)
  /admin, segment:0 -> FAILURE "Selector didn't match" @ /admin
Matched routes:
  "" -> "facts" -> "{shortenedUrl}" -> "(method:GET)"
Routing resolve result:
  SUCCESS; Parameters [shortenedUrl=[abcd1234]] @ /facts/{shortenedUrl}/(method:GET)
2025-01-06 19:33:21.999 [DefaultDispatcher-worker-4 @request#77] TRACE io.ktor.server.routing.Routing - Trace for [facts, abcd1234]
/, segment:0 -> FAILURE "Not all segments matched" @ /
Matched routes:
  No results
Routing resolve result:
  FAILURE "No matched subtrees found" @ /
2025-01-06 19:33:22.003 [DefaultDispatcher-worker-4] TRACE i.k.client.plugins.HttpCallValidator - Validating response for request http://localhost/facts/abcd1234
2025-01-06 19:33:22.003 [DefaultDispatcher-worker-4] TRACE i.k.c.p.DefaultResponseValidation - Skipping default response validation for http://localhost/facts/abcd1234
2025-01-06 19:33:22.004 [DefaultDispatcher-worker-4] TRACE i.k.c.plugins.defaultTransformers - Transformed with default transformers response body for http://localhost/facts/abcd1234 to class kotlinx.io.Source
2025-01-06 19:33:22.017 [DefaultDispatcher-worker-4] TRACE i.ktor.client.plugins.HttpPlainText - Adding Accept-Charset=UTF-8 to http:///facts
2025-01-06 19:33:22.019 [DefaultDispatcher-worker-4 @call-context#93] INFO  io.ktor.test - No ktor.deployment.watch patterns specified, automatic reload is not active.
2025-01-06 19:33:22.021 [DefaultDispatcher-worker-4 @call-context#93] INFO  io.ktor.test - Application started in 0.003 seconds.
2025-01-06 19:33:22.022 [DefaultDispatcher-worker-3 @coroutine#94] INFO  io.ktor.test - Responding at http://localhost:80
2025-01-06 19:33:22.023 [DefaultDispatcher-worker-3 @coroutine#94] INFO  io.ktor.test - Responding at https://localhost:443
2025-01-06 19:33:22.026 [DefaultDispatcher-worker-4 @request#93] TRACE io.ktor.server.routing.Routing - Trace for [facts]
/, segment:0 -> SUCCESS @ /
  /facts, segment:1 -> SUCCESS @ /facts
    /facts/(method:POST), segment:1 -> FAILURE "Selector didn't match" @ /facts/(method:POST)
    /facts/{shortenedUrl}, segment:1 -> FAILURE "Selector didn't match" @ /facts/{shortenedUrl}
    /facts/(method:GET), segment:1 -> SUCCESS @ /facts/(method:GET)
  /admin, segment:0 -> FAILURE "Selector didn't match" @ /admin
Matched routes:
  "" -> "facts" -> "(method:GET)"
Routing resolve result:
  SUCCESS @ /facts/(method:GET)
2025-01-06 19:33:22.032 [DefaultDispatcher-worker-4 @request#93] TRACE io.ktor.server.routing.Routing - Trace for [facts]
/, segment:0 -> FAILURE "Not all segments matched" @ /
Matched routes:
  No results
Routing resolve result:
  FAILURE "No matched subtrees found" @ /
2025-01-06 19:33:22.033 [DefaultDispatcher-worker-4] TRACE i.k.client.plugins.HttpCallValidator - Validating response for request http://localhost/facts
2025-01-06 19:33:22.034 [DefaultDispatcher-worker-4] TRACE i.k.c.p.DefaultResponseValidation - Skipping default response validation for http://localhost/facts
2025-01-06 19:33:22.035 [DefaultDispatcher-worker-4] TRACE i.k.c.plugins.defaultTransformers - Transformed with default transformers response body for http://localhost/facts to class kotlinx.io.Source
]]></system-out>
  <system-err><![CDATA[]]></system-err>
</testsuite>
